Creating destination directory: "docs\"
Loading source file /usr/src/com/holub/text/BeginToken.java...
Loading source file /usr/src/com/holub/text/ParseFailure.java...
Loading source file /usr/src/com/holub/text/RegexToken.java...
Loading source file /usr/src/com/holub/text/Scanner.java...
Loading source file /usr/src/com/holub/text/SimpleToken.java...
Loading source file /usr/src/com/holub/text/Token.java...
Loading source file /usr/src/com/holub/text/TokenSet.java...
Loading source file /usr/src/com/holub/text/WordToken.java...
Loading source file /usr/src/com/holub/tools/ArrayIterator.java...
Loading source file /usr/src/com/holub/tools/ThrowableContainer.java...
Loading source files for package com.holub.database...
Loading source files for package com.holub.database.jdbc...
Loading source files for package com.holub.database.jdbc.adapters...
Constructing Javadoc information...
Standard Doclet version 1.5.0-rc
Building tree for all the packages and classes...
Generating docs\com/holub/tools/\ArrayIterator.html...
Generating docs\com/holub/tools/\ThrowableContainer.html...
Generating docs\com/holub/text/\BeginToken.html...
Generating docs\com/holub/text/\ParseFailure.html...
Generating docs\com/holub/text/\RegexToken.html...
Generating docs\com/holub/text/\Scanner.html...
Generating docs\com/holub/text/\Scanner.Test.html...
Generating docs\com/holub/text/\SimpleToken.html...
Generating docs\com/holub/text/\Token.html...
Generating docs\com/holub/text/\TokenSet.html...
Generating docs\com/holub/text/\WordToken.html...
Generating docs\com/holub/database/\CachingTable.html...
Generating docs\com/holub/database/\CSVExporter.html...
Generating docs\com/holub/database/\CSVImporter.html...
Generating docs\com/holub/database/\Cursor.html...
Generating docs\com/holub/database/\Database.html...
Generating docs\com/holub/database/\Database.Test.html...
Generating docs\com/holub/database/\JTableExporter.html...
Generating docs\com/holub/database/\JTableExporter.Test.html...
Generating docs\com/holub/database/\Table.html...
Generating docs\com/holub/database/\Table.Exporter.html...
Generating docs\com/holub/database/\Table.Importer.html...
Generating docs\com/holub/database/\TableFactory.html...
Generating docs\com/holub/database/\UnmodifiableTable.html...
Generating docs\com/holub/database/jdbc/\Console.html...
Generating docs\com/holub/database/jdbc/\JDBCConnection.html...
Generating docs\com/holub/database/jdbc/\JDBCDriver.html...
Generating docs\com/holub/database/jdbc/\JDBCResultSet.html...
Generating docs\com/holub/database/jdbc/\JDBCResultSetMetaData.html...
Generating docs\com/holub/database/jdbc/\JDBCStatement.html...
Generating docs\com/holub/database/jdbc/\JDBCTest.html...
Generating docs\com/holub/database/jdbc/adapters/\ConnectionAdapter.html...
Generating docs\com/holub/database/jdbc/adapters/\ResultSetAdapter.html...
Generating docs\com/holub/database/jdbc/adapters/\ResultSetMetaDataAdapter.html...
Generating docs\com/holub/database/jdbc/adapters/\StatementAdapter.html...
Generating docs\overview-frame.html...
Generating docs\com/holub/database/\package-frame.html...
Generating docs\com/holub/database/\package-summary.html...
Generating docs\com/holub/database/\package-tree.html...
Generating docs\com/holub/database/jdbc/\package-frame.html...
Generating docs\com/holub/database/jdbc/\package-summary.html...
Generating docs\com/holub/database/jdbc/\package-tree.html...
Generating docs\com/holub/database/jdbc/adapters/\package-frame.html...
Generating docs\com/holub/database/jdbc/adapters/\package-summary.html...
Generating docs\com/holub/database/jdbc/adapters/\package-tree.html...
Generating docs\com/holub/text/\package-frame.html...
Generating docs\com/holub/text/\package-summary.html...
Generating docs\com/holub/text/\package-tree.html...
Generating docs\com/holub/tools/\package-frame.html...
Generating docs\com/holub/tools/\package-summary.html...
Generating docs\com/holub/tools/\package-tree.html...
Generating docs\constant-values.html...
Generating docs\serialized-form.html...
Building index for all the packages and classes...
Generating docs\overview-tree.html...
Generating docs\index-all.html...
Generating docs\deprecated-list.html...
Building index for all classes...
Generating docs\allclasses-frame.html...
Generating docs\allclasses-noframe.html...
Generating docs\index.html...
Generating docs\overview-summary.html...
Generating docs\help-doc.html...
Generating docs\stylesheet.css...
